The master node of this job is gpu-202-1
This job runs on the following nodes:
gpu-202-1
Starting at Fri May  4 10:34:21 PDT 2018
Running on hosts: gpu-202-1
Running on 1 nodes.
Running on 24 processors.
Current working directory is /home/smantra/hw2code

Output from code
----------------
Host -> Device transfer bandwidth 4.34252

Host (reference) solution bandwidth GB/sec: 1.26792

                      Device Bandwidth GB/sec
--------------------------------------------------------------------- 
                          char           uint          uint2
Problem Size MB
        1.23515         22.4214        60.4517        66.6065
         2.4703         28.0614        76.6983        85.1123
         4.9406         28.2514        89.6335         98.434
         9.8812         29.0473        96.7531        106.939
        19.7624         32.0968        101.558        111.869
        39.5248         41.4709        104.382        113.902
        79.0496          46.594        107.169         114.62
        158.099         48.7684         109.38        113.047
        316.198         49.5461        101.228        104.936
                                     Device Bandwidth GB/sec

  edges \ nodes          32768          65536         131072         262144         524288        1048576

              2          15.13          15.53          15.90          11.43           9.27           8.44
              3          13.80          14.17          13.78          10.29           8.35           7.60
              4          12.56          12.48          13.60           9.70           7.85           7.14
              5          13.48          12.60          12.77           9.14           7.48           6.82
              6          11.95          12.67          12.06           8.68           7.20           6.58
              7          12.32          12.22          11.88           8.36           6.95           6.38
              8          11.46          11.84          11.19           8.07           6.74           6.22
              9          11.25          11.38          10.91           7.80           6.59           6.07
             10          11.17          11.23          10.65           7.58           6.39           5.93
             11          10.71          11.05          10.24           7.37           6.25           5.79
             12          11.07          10.67           9.92           7.11           6.12           5.68
             13          10.25          10.61           9.53           6.95           5.99           5.57
             14          10.73          10.42           9.22           6.78           5.86           5.46
             15           9.91          10.38           8.74           6.63           5.75           5.36
             16          10.32          10.12           8.57           6.44           5.63           5.27
             17           9.96           9.77           8.24           6.30           5.53           5.19
             18          10.16           9.65           8.12           6.18           5.44           5.11
             19          10.00           9.57           7.94           6.10           5.36           5.05
